<?xml version="1.0" encoding="UTF-8"?>
<!-- Generated by org.testng.reporters.JUnitXMLReporter -->
<testsuite ignored="0" hostname="DESKTOP-QKUKCCG" failures="0" tests="6" name="Default test" time="44.083" errors="0" timestamp="2024-06-13T20:28:37 IST">
  <testcase classname="Saucedemo_test.Orderflowfunctionality" name="Verify_Login_With_Valid_Credentials" time="2.722"/>
  <testcase classname="Saucedemo_test.Orderflowfunctionality" name="Verify_Login_With_invalidcredentials" time="0.417"/>
  <testcase classname="Saucedemo_test.Orderflowfunctionality" name="Verify_addcart_button_functionality" time="0.632"/>
  <testcase classname="Saucedemo_test.Orderflowfunctionality" name="verify_removeb_button_functionality" time="0.793"/>
  <testcase classname="Saucedemo_test.Orderflowfunctionality" name="Verify_User_navigating_from_informationpage_to_OverviewpageofUser" time="1.203"/>
  <testcase classname="Saucedemo_test.Orderflowfunctionality" name="Verify_When_User_clickon_finishbutton_of_overviewpage_user_should_Checkout_successfully" time="2.066"/>
</testsuite> <!-- Default test -->
