<?xml version="1.0" encoding="UTF-8"?>
<testng-results ignored="0" total="6" passed="6" failed="0" skipped="0">
  <reporter-output>
  </reporter-output>
  <suite started-at="2024-06-13T20:27:53 IST" name="Default suite" finished-at="2024-06-13T20:28:37 IST" duration-ms="44083">
    <groups>
    </groups>
    <test started-at="2024-06-13T20:27:53 IST" name="Default test" finished-at="2024-06-13T20:28:37 IST" duration-ms="44083">
      <class name="Saucedemo_test.Orderflowfunctionality">
        <test-method is-config="true" signature="setup()[pri:0, instance:Saucedemo_test.Orderflowfunctionality@52719fb6]" started-at="2024-06-13T20:27:53 IST" name="setup" finished-at="2024-06-13T20:28:01 IST" duration-ms="7469" status="PASS">
          <reporter-output>
          </reporter-output>
        </test-method> <!-- setup -->
        <test-method signature="Verify_Login_With_Valid_Credentials()[pri:1, instance:Saucedemo_test.Orderflowfunctionality@52719fb6]" started-at="2024-06-13T20:28:01 IST" name="Verify_Login_With_Valid_Credentials" finished-at="2024-06-13T20:28:04 IST" duration-ms="2722" status="PASS">
          <reporter-output>
          </reporter-output>
        </test-method> <!-- Verify_Login_With_Valid_Credentials -->
        <test-method is-config="true" signature="closeAll()[pri:0, instance:Saucedemo_test.Orderflowfunctionality@52719fb6]" started-at="2024-06-13T20:28:04 IST" name="closeAll" finished-at="2024-06-13T20:28:04 IST" duration-ms="732" status="PASS">
          <reporter-output>
          </reporter-output>
        </test-method> <!-- closeAll -->
        <test-method is-config="true" signature="setup()[pri:0, instance:Saucedemo_test.Orderflowfunctionality@52719fb6]" started-at="2024-06-13T20:28:04 IST" name="setup" finished-at="2024-06-13T20:28:11 IST" duration-ms="6442" status="PASS">
          <reporter-output>
          </reporter-output>
        </test-method> <!-- setup -->
        <test-method signature="Verify_Login_With_invalidcredentials()[pri:2, instance:Saucedemo_test.Orderflowfunctionality@52719fb6]" started-at="2024-06-13T20:28:11 IST" name="Verify_Login_With_invalidcredentials" finished-at="2024-06-13T20:28:11 IST" duration-ms="417" status="PASS">
          <reporter-output>
          </reporter-output>
        </test-method> <!-- Verify_Login_With_invalidcredentials -->
        <test-method is-config="true" signature="closeAll()[pri:0, instance:Saucedemo_test.Orderflowfunctionality@52719fb6]" started-at="2024-06-13T20:28:11 IST" name="closeAll" finished-at="2024-06-13T20:28:12 IST" duration-ms="478" status="PASS">
          <reporter-output>
          </reporter-output>
        </test-method> <!-- closeAll -->
        <test-method is-config="true" signature="setup()[pri:0, instance:Saucedemo_test.Orderflowfunctionality@52719fb6]" started-at="2024-06-13T20:28:12 IST" name="setup" finished-at="2024-06-13T20:28:17 IST" duration-ms="4979" status="PASS">
          <reporter-output>
          </reporter-output>
        </test-method> <!-- setup -->
        <test-method signature="Verify_addcart_button_functionality()[pri:3, instance:Saucedemo_test.Orderflowfunctionality@52719fb6]" started-at="2024-06-13T20:28:17 IST" name="Verify_addcart_button_functionality" finished-at="2024-06-13T20:28:17 IST" duration-ms="632" status="PASS">
          <reporter-output>
          </reporter-output>
        </test-method> <!-- Verify_addcart_button_functionality -->
        <test-method is-config="true" signature="closeAll()[pri:0, instance:Saucedemo_test.Orderflowfunctionality@52719fb6]" started-at="2024-06-13T20:28:17 IST" name="closeAll" finished-at="2024-06-13T20:28:18 IST" duration-ms="507" status="PASS">
          <reporter-output>
          </reporter-output>
        </test-method> <!-- closeAll -->
        <test-method is-config="true" signature="setup()[pri:0, instance:Saucedemo_test.Orderflowfunctionality@52719fb6]" started-at="2024-06-13T20:28:18 IST" name="setup" finished-at="2024-06-13T20:28:23 IST" duration-ms="5019" status="PASS">
          <reporter-output>
          </reporter-output>
        </test-method> <!-- setup -->
        <test-method signature="verify_removeb_button_functionality()[pri:4, instance:Saucedemo_test.Orderflowfunctionality@52719fb6]" started-at="2024-06-13T20:28:23 IST" name="verify_removeb_button_functionality" finished-at="2024-06-13T20:28:24 IST" duration-ms="793" status="PASS">
          <reporter-output>
          </reporter-output>
        </test-method> <!-- verify_removeb_button_functionality -->
        <test-method is-config="true" signature="closeAll()[pri:0, instance:Saucedemo_test.Orderflowfunctionality@52719fb6]" started-at="2024-06-13T20:28:24 IST" name="closeAll" finished-at="2024-06-13T20:28:24 IST" duration-ms="416" status="PASS">
          <reporter-output>
          </reporter-output>
        </test-method> <!-- closeAll -->
        <test-method is-config="true" signature="setup()[pri:0, instance:Saucedemo_test.Orderflowfunctionality@52719fb6]" started-at="2024-06-13T20:28:24 IST" name="setup" finished-at="2024-06-13T20:28:29 IST" duration-ms="4929" status="PASS">
          <reporter-output>
          </reporter-output>
        </test-method> <!-- setup -->
        <test-method signature="Verify_User_navigating_from_informationpage_to_OverviewpageofUser()[pri:5, instance:Saucedemo_test.Orderflowfunctionality@52719fb6]" started-at="2024-06-13T20:28:29 IST" name="Verify_User_navigating_from_informationpage_to_OverviewpageofUser" finished-at="2024-06-13T20:28:30 IST" duration-ms="1203" status="PASS">
          <reporter-output>
          </reporter-output>
        </test-method> <!-- Verify_User_navigating_from_informationpage_to_OverviewpageofUser -->
        <test-method is-config="true" signature="closeAll()[pri:0, instance:Saucedemo_test.Orderflowfunctionality@52719fb6]" started-at="2024-06-13T20:28:30 IST" name="closeAll" finished-at="2024-06-13T20:28:31 IST" duration-ms="622" status="PASS">
          <reporter-output>
          </reporter-output>
        </test-method> <!-- closeAll -->
        <test-method is-config="true" signature="setup()[pri:0, instance:Saucedemo_test.Orderflowfunctionality@52719fb6]" started-at="2024-06-13T20:28:31 IST" name="setup" finished-at="2024-06-13T20:28:35 IST" duration-ms="4169" status="PASS">
          <reporter-output>
          </reporter-output>
        </test-method> <!-- setup -->
        <test-method signature="Verify_When_User_clickon_finishbutton_of_overviewpage_user_should_Checkout_successfully()[pri:6, instance:Saucedemo_test.Orderflowfunctionality@52719fb6]" started-at="2024-06-13T20:28:35 IST" name="Verify_When_User_clickon_finishbutton_of_overviewpage_user_should_Checkout_successfully" finished-at="2024-06-13T20:28:37 IST" duration-ms="2066" status="PASS">
          <reporter-output>
          </reporter-output>
        </test-method> <!-- Verify_When_User_clickon_finishbutton_of_overviewpage_user_should_Checkout_successfully -->
        <test-method is-config="true" signature="closeAll()[pri:0, instance:Saucedemo_test.Orderflowfunctionality@52719fb6]" started-at="2024-06-13T20:28:37 IST" name="closeAll" finished-at="2024-06-13T20:28:37 IST" duration-ms="385" status="PASS">
          <reporter-output>
          </reporter-output>
        </test-method> <!-- closeAll -->
      </class> <!-- Saucedemo_test.Orderflowfunctionality -->
    </test> <!-- Default test -->
  </suite> <!-- Default suite -->
</testng-results>
